#
# There is insufficient memory for the Java Runtime Environment to continue.
# Native memory allocation (mmap) failed to map 54525952 bytes for Failed to commit area from 0x0000000710c00000 to 0x0000000714000000 of length 54525952.
# Possible reasons:
#   The system is out of physical RAM or swap space
#   The process is running with CompressedOops enabled, and the Java Heap may be blocking the growth of the native heap
# Possible solutions:
#   Reduce memory load on the system
#   Increase physical memory or swap space
#   Check if swap backing store is full
#   Decrease Java heap size (-Xmx/-Xms)
#   Decrease number of Java threads
#   Decrease Java thread stack sizes (-Xss)
#   Set larger code cache with -XX:ReservedCodeCacheSize=
#   JVM is running with Zero Based Compressed Oops mode in which the Java heap is
#     placed in the first 32GB address space. The Java Heap base address is the
#     maximum limit for the native heap growth. Please use -XX:HeapBaseMinAddress
#     to set the Java Heap base and to place the Java Heap above 32GB virtual address.
# This output file may be truncated or incomplete.
#
#  Out of Memory Error (./open/src/hotspot/os/windows/os_windows.cpp:3275), pid=44920, tid=30440
#
# JRE version: Java(TM) SE Runtime Environment 18.9 (11.0.8+10) (build 11.0.8+10-LTS)
# Java VM: Java HotSpot(TM) 64-Bit Server VM 18.9 (11.0.8+10-LTS, mixed mode, tiered, compressed oops, g1 gc, windows-amd64)
# No core dump will be written. Minidumps are not enabled by default on client versions of Windows
#

---------------  S U M M A R Y ------------

Command Line: -Dcom.sun.management.jmxremote -Dcom.sun.management.jmxremote.port=58636 -Dcom.sun.management.jmxremote.authenticate=false -Dcom.sun.management.jmxremote.ssl=false -Djava.rmi.server.hostname=localhost -Dspring.jmx.enabled=true -Dspring.application.admin.enabled=true -XX:TieredStopAtLevel=1 -Dspring.boot.project.name=vmcustomerordertraffic -Dfile.encoding=UTF-8 com.km.vmcustomerordertraffic.VmCustomerOrderTrafficApplication

Host: AMD Ryzen 5 2600 Six-Core Processor            , 12 cores, 15G,  Windows 10 , 64 bit Build 18362 (10.0.18362.1)
Time: Thu Sep  9 12:40:08 2021 Malay Peninsula Standard Time elapsed time: 4 seconds (0d 0h 0m 4s)

---------------  T H R E A D  ---------------

Current thread (0x0000022ca1d48800):  VMThread "VM Thread" [stack: 0x000000e3b1300000,0x000000e3b1400000] [id=30440]

Stack: [0x000000e3b1300000,0x000000e3b1400000]
[error occurred during error reporting (printing stack bounds), id 0xc0000005, EXCEPTION_ACCESS_VIOLATION (0xc0000005) at pc=0x0000022c88330dad]

Native frames: (J=compiled Java code, j=interpreted, Vv=VM code, C=native code)
V  [jvm.dll+0x601aea]
V  [jvm.dll+0x737fef]
V  [jvm.dll+0x739675]
V  [jvm.dll+0x739c55]
V  [jvm.dll+0x739c0b]
V  [jvm.dll+0x6013d3]
V  [jvm.dll+0x601798]
C  [ntdll.dll+0xa119f]
C  [ntdll.dll+0x6a229]
C  [ntdll.dll+0x9fe0e]
C  0x0000022c88330dad

VM_Operation (0x000000e3b0dfa7d0): CollectForMetadataAllocation, mode: safepoint, requested by thread 0x0000022cfbf7c000


---------------  P R O C E S S  ---------------

Threads class SMR info:
_java_thread_list=0x0000022ca598b860, length=22, elements={
0x0000022cfbf7c000, 0x0000022ca1d4d000, 0x0000022ca1d4e800, 0x0000022ca2647800,
0x0000022ca2648800, 0x0000022ca264e800, 0x0000022ca265a800, 0x0000022ca1d06800,
0x0000022ca282f800, 0x0000022ca2ef1800, 0x0000022ca2ef7800, 0x0000022ca2f11800,
0x0000022ca3d1d800, 0x0000022ca3d4b000, 0x0000022ca3d57800, 0x0000022ca3d15800,
0x0000022ca4a96800, 0x0000022ca4a99000, 0x0000022ca4958800, 0x0000022ca4956000,
0x0000022ca4959800, 0x0000022ca495a000
}

Java Threads: ( => current thread )
  0x0000022cfbf7c000 JavaThread "main" [_thread_blocked, id=39564, stack(0x000000e3b0d00000,0x000000e3b0e00000)]
  0x0000022ca1d4d000 JavaThread "Reference Handler" daemon [_thread_blocked, id=45356, stack(0x000000e3b1400000,0x000000e3b1500000)]
  0x0000022ca1d4e800 JavaThread "Finalizer" daemon [_thread_blocked, id=36232, stack(0x000000e3b1500000,0x000000e3b1600000)]
  0x0000022ca2647800 JavaThread "Signal Dispatcher" daemon [_thread_blocked, id=37624, stack(0x000000e3b1600000,0x000000e3b1700000)]
  0x0000022ca2648800 JavaThread "Attach Listener" daemon [_thread_blocked, id=34088, stack(0x000000e3b1700000,0x000000e3b1800000)]
  0x0000022ca264e800 JavaThread "C1 CompilerThread0" daemon [_thread_blocked, id=21844, stack(0x000000e3b1800000,0x000000e3b1900000)]
  0x0000022ca265a800 JavaThread "Sweeper thread" daemon [_thread_blocked, id=28656, stack(0x000000e3b1900000,0x000000e3b1a00000)]
  0x0000022ca1d06800 JavaThread "Common-Cleaner" daemon [_thread_blocked, id=44380, stack(0x000000e3b1a00000,0x000000e3b1b00000)]
  0x0000022ca282f800 JavaThread "Service Thread" daemon [_thread_blocked, id=44720, stack(0x000000e3b1b00000,0x000000e3b1c00000)]
  0x0000022ca2ef1800 JavaThread "RMI TCP Accept-0" daemon [_thread_in_native, id=33176, stack(0x000000e3b1c00000,0x000000e3b1d00000)]
  0x0000022ca2ef7800 JavaThread "RMI TCP Accept-58636" daemon [_thread_in_native, id=16324, stack(0x000000e3b1d00000,0x000000e3b1e00000)]
  0x0000022ca2f11800 JavaThread "RMI TCP Accept-0" daemon [_thread_in_native, id=42180, stack(0x000000e3b1e00000,0x000000e3b1f00000)]
  0x0000022ca3d1d800 JavaThread "RMI TCP Connection(1)-127.0.0.1" daemon [_thread_in_native, id=45608, stack(0x000000e3b2600000,0x000000e3b2700000)]
  0x0000022ca3d4b000 JavaThread "RMI Scheduler(0)" daemon [_thread_blocked, id=43044, stack(0x000000e3b2700000,0x000000e3b2800000)]
  0x0000022ca3d57800 JavaThread "RMI TCP Connection(2)-127.0.0.1" daemon [_thread_in_native, id=34008, stack(0x000000e3b2800000,0x000000e3b2900000)]
  0x0000022ca3d15800 JavaThread "JMX server connection timeout 21" daemon [_thread_blocked, id=44664, stack(0x000000e3b2900000,0x000000e3b2a00000)]
  0x0000022ca4a96800 JavaThread "Catalina-utility-1" [_thread_blocked, id=28120, stack(0x000000e3b2a00000,0x000000e3b2b00000)]
  0x0000022ca4a99000 JavaThread "Catalina-utility-2" [_thread_blocked, id=43520, stack(0x000000e3b2d00000,0x000000e3b2e00000)]
  0x0000022ca4958800 JavaThread "container-0" [_thread_blocked, id=42628, stack(0x000000e3b2e00000,0x000000e3b2f00000)]
  0x0000022ca4956000 JavaThread "mysql-cj-abandoned-connection-cleanup" daemon [_thread_blocked, id=37064, stack(0x000000e3b2f00000,0x000000e3b3000000)]
  0x0000022ca4959800 JavaThread "HikariPool-1 housekeeper" daemon [_thread_blocked, id=45996, stack(0x000000e3b3100000,0x000000e3b3200000)]
  0x0000022ca495a000 JavaThread "HikariPool-1 connection adder" daemon [_thread_blocked, id=33268, stack(0x000000e3b3200000,0x000000e3b3300000)]

Other Threads:
=>0x0000022ca1d48800 VMThread "VM Thread" [stack: 0x000000e3b1300000,0x000000e3b1400000] [id=30440]
  0x0000022ca2f05000 WatcherThread [stack: 0x000000e3b1f00000,0x000000e3b2000000] [id=31768]
  0x0000022cfbf90000 GCTaskThread "GC Thread#0" [stack: 0x000000e3b0e00000,0x000000e3b0f00000] [id=21464]
  0x0000022ca3b1a800 GCTaskThread "GC Thread#1" [stack: 0x000000e3b2000000,0x000000e3b2100000] [id=38920]
  0x0000022ca3b1b000 GCTaskThread "GC Thread#2" [stack: 0x000000e3b2100000,0x000000e3b2200000] [id=44856]
  0x0000022ca3b1e000 GCTaskThread "GC Thread#3" [stack: 0x000000e3b2200000,0x000000e3b2300000] [id=34664]
  0x0000022ca3b1e800 GCTaskThread "GC Thread#4" [stack: 0x000000e3b2300000,0x000000e3b2400000] [id=21984]
  0x0000022ca3b23000 GCTaskThread "GC Thread#5" [stack: 0x000000e3b2400000,0x000000e3b2500000] [id=31520]
  0x0000022ca5b6b000 GCTaskThread "GC Thread#6" [stack: 0x000000e3b3300000,0x000000e3b3400000] [id=45428]
  0x0000022ca4257000 GCTaskThread "GC Thread#7" [stack: 0x000000e3b3400000,0x000000e3b3500000] [id=9716]
  0x0000022cfbff0800 ConcurrentGCThread "G1 Main Marker" [stack: 0x000000e3b0f00000,0x000000e3b1000000] [id=40080]
  0x0000022cfbff4000 ConcurrentGCThread "G1 Conc#0" [stack: 0x000000e3b1000000,0x000000e3b1100000] [id=44512]
  0x0000022ca3d00000 ConcurrentGCThread "G1 Conc#1" [stack: 0x000000e3b2b00000,0x000000e3b2c00000] [id=33628]
  0x0000022ca3e99000 ConcurrentGCThread "G1 Conc#2" [stack: 0x000000e3b2c00000,0x000000e3b2d00000] [id=22652]
  0x0000022ca1c36000 ConcurrentGCThread "G1 Refine#0" [stack: 0x000000e3b1100000,0x000000e3b1200000] [id=23204]
  0x0000022ca2ad9800 ConcurrentGCThread "G1 Refine#1" [stack: 0x000000e3b2500000,0x000000e3b2600000] [id=21912]
  0x0000022ca1c37000 ConcurrentGCThread "G1 Young RemSet Sampling" [stack: 0x000000e3b1200000,0x000000e3b1300000] [id=42332]

Threads with active compile tasks:

VM state:at safepoint (normal execution)

VM Mutex/Monitor currently owned by a thread:  ([mutex/lock_event])
[0x0000022cfbf77ab0] Threads_lock - owner thread: 0x0000022ca1d48800
[0x0000022cfbf78200] Heap_lock - owner thread: 0x0000022cfbf7c000

Heap address: 0x0000000700c00000, size: 4084 MB, Compressed Oops mode: Zero based, Oop shift amount: 3
Narrow klass base: 0x0000000800000000, Narrow klass shift: 0
Compressed class space size: 1073741824 Address: 0x0000000800000000

Heap:
 garbage-first heap   total 315392K, used 24402K [0x0000000700c00000, 0x0000000800000000)
  region size 1024K, 13 young (13312K), 13 survivors (13312K)
 Metaspace       used 58350K, capacity 60063K, committed 60160K, reserved 1101824K
  class space    used 7781K, capacity 8497K, committed 8576K, reserved 1048576K
Heap Regions: E=young(eden), S=young(survivor), O=old, HS=humongous(starts), HC=humongous(continues), CS=collection set, F=free, A=archive, TAMS=top-at-mark-start (previous, next)
|   0|0x0000000700c00000, 0x0000000700d00000, 0x0000000700d00000|100%|HS|  |TAMS 0x0000000700d00000, 0x0000000700d00000| Complete 
|   1|0x0000000700d00000, 0x0000000700e00000, 0x0000000700e00000|100%| O|  |TAMS 0x0000000700e00000, 0x0000000700e00000| Untracked 
|   2|0x0000000700e00000, 0x0000000700f00000, 0x0000000700f00000|100%| O|  |TAMS 0x0000000700f00000, 0x0000000700f00000| Untracked 
|   3|0x0000000700f00000, 0x0000000701000000, 0x0000000701000000|100%| O|  |TAMS 0x0000000701000000, 0x0000000701000000| Untracked 
|   4|0x0000000701000000, 0x0000000701100000, 0x0000000701100000|100%| O|  |TAMS 0x0000000701100000, 0x0000000701100000| Untracked 
|   5|0x0000000701100000, 0x0000000701200000, 0x0000000701200000|100%| O|  |TAMS 0x0000000701200000, 0x0000000701200000| Untracked 
|   6|0x0000000701200000, 0x0000000701300000, 0x0000000701300000|100%| O|  |TAMS 0x0000000701300000, 0x0000000701300000| Untracked 
|   7|0x0000000701300000, 0x0000000701400000, 0x0000000701400000|100%| O|  |TAMS 0x000000070137e000, 0x0000000701400000| Untracked 
|   8|0x0000000701400000, 0x0000000701500000, 0x0000000701500000|100%| O|  |TAMS 0x0000000701400000, 0x0000000701500000| Untracked 
|   9|0x0000000701500000, 0x0000000701600000, 0x0000000701600000|100%| O|  |TAMS 0x0000000701500000, 0x0000000701600000| Untracked 
|  10|0x0000000701600000, 0x0000000701700000, 0x0000000701700000|100%| O|  |TAMS 0x0000000701600000, 0x0000000701700000| Untracked 
|  11|0x0000000701700000, 0x000000070173c200, 0x0000000701800000| 23%| O|  |TAMS 0x0000000701700000, 0x000000070173c200| Untracked 
|  12|0x0000000701800000, 0x0000000701800000, 0x0000000701900000|  0%| F|  |TAMS 0x0000000701800000, 0x0000000701800000| Untracked 
|  13|0x0000000701900000, 0x0000000701900000, 0x0000000701a00000|  0%| F|  |TAMS 0x0000000701900000, 0x0000000701900000| Untracked 
|  14|0x0000000701a00000, 0x0000000701a00000, 0x0000000701b00000|  0%| F|  |TAMS 0x0000000701a00000, 0x0000000701a00000| Untracked 
|  15|0x0000000701b00000, 0x0000000701b00000, 0x0000000701c00000|  0%| F|  |TAMS 0x0000000701b00000, 0x0000000701b00000| Untracked 
|  16|0x0000000701c00000, 0x0000000701c00000, 0x0000000701d00000|  0%| F|  |TAMS 0x0000000701c00000, 0x0000000701c00000| Untracked 
|  17|0x0000000701d00000, 0x0000000701d00000, 0x0000000701e00000|  0%| F|  |TAMS 0x0000000701d00000, 0x0000000701d00000| Untracked 
|  18|0x0000000701e00000, 0x0000000701e00000, 0x0000000701f00000|  0%| F|  |TAMS 0x0000000701e00000, 0x0000000701e00000| Untracked 
|  19|0x0000000701f00000, 0x0000000701f00000, 0x0000000702000000|  0%| F|  |TAMS 0x0000000701f00000, 0x0000000701f00000| Untracked 
|  20|0x0000000702000000, 0x0000000702000000, 0x0000000702100000|  0%| F|  |TAMS 0x0000000702000000, 0x0000000702000000| Untracked 
|  21|0x0000000702100000, 0x0000000702100000, 0x0000000702200000|  0%| F|  |TAMS 0x0000000702100000, 0x0000000702100000| Untracked 
|  22|0x0000000702200000, 0x0000000702200000, 0x0000000702300000|  0%| F|  |TAMS 0x0000000702200000, 0x0000000702200000| Untracked 
|  23|0x0000000702300000, 0x0000000702300000, 0x0000000702400000|  0%| F|  |TAMS 0x0000000702300000, 0x0000000702300000| Untracked 
|  24|0x0000000702400000, 0x0000000702400000, 0x0000000702500000|  0%| F|  |TAMS 0x0000000702400000, 0x0000000702400000| Untracked 
|  25|0x0000000702500000, 0x0000000702500000, 0x0000000702600000|  0%| F|  |TAMS 0x0000000702500000, 0x0000000702500000| Untracked 
|  26|0x0000000702600000, 0x0000000702600000, 0x0000000702700000|  0%| F|  |TAMS 0x0000000702600000, 0x0000000702600000| Untracked 
|  27|0x0000000702700000, 0x0000000702700000, 0x0000000702800000|  0%| F|  |TAMS 0x0000000702700000, 0x0000000702700000| Untracked 
|  28|0x0000000702800000, 0x0000000702800000, 0x0000000702900000|  0%| F|  |TAMS 0x0000000702800000, 0x0000000702800000| Untracked 
|  29|0x0000000702900000, 0x0000000702900000, 0x0000000702a00000|  0%| F|  |TAMS 0x0000000702900000, 0x0000000702900000| Untracked 
|  30|0x0000000702a00000, 0x0000000702a00000, 0x0000000702b00000|  0%| F|  |TAMS 0x0000000702a00000, 0x0000000702a00000| Untracked 
|  31|0x0000000702b00000, 0x0000000702b00000, 0x0000000702c00000|  0%| F|  |TAMS 0x0000000702b00000, 0x0000000702b00000| Untracked 
|  32|0x0000000702c00000, 0x0000000702c00000, 0x0000000702d00000|  0%| F|  |TAMS 0x0000000702c00000, 0x0000000702c00000| Untracked 
|  33|0x0000000702d00000, 0x0000000702d00000, 0x0000000702e00000|  0%| F|  |TAMS 0x0000000702d00000, 0x0000000702d00000| Untracked 
|  34|0x0000000702e00000, 0x0000000702e00000, 0x0000000702f00000|  0%| F|  |TAMS 0x0000000702e00000, 0x0000000702e00000| Untracked 
|  35|0x0000000702f00000, 0x0000000702f00000, 0x0000000703000000|  0%| F|  |TAMS 0x0000000702f00000, 0x0000000702f00000| Untracked 
|  36|0x0000000703000000, 0x0000000703000000, 0x0000000703100000|  0%| F|  |TAMS 0x0000000703000000, 0x0000000703000000| Untracked 
|  37|0x0000000703100000, 0x0000000703100000, 0x0000000703200000|  0%| F|  |TAMS 0x0000000703100000, 0x0000000703100000| Untracked 
|  38|0x0000000703200000, 0x0000000703200000, 0x0000000703300000|  0%| F|  |TAMS 0x0000000703200000, 0x0000000703200000| Untracked 
|  39|0x0000000703300000, 0x0000000703300000, 0x0000000703400000|  0%| F|  |TAMS 0x0000000703300000, 0x0000000703300000| Untracked 
|  40|0x0000000703400000, 0x0000000703400000, 0x0000000703500000|  0%| F|  |TAMS 0x0000000703400000, 0x0000000703400000| Untracked 
|  41|0x0000000703500000, 0x0000000703500000, 0x0000000703600000|  0%| F|  |TAMS 0x0000000703500000, 0x0000000703500000| Untracked 
|  42|0x0000000703600000, 0x0000000703600000, 0x0000000703700000|  0%| F|  |TAMS 0x0000000703600000, 0x0000000703600000| Untracked 
|  43|0x0000000703700000, 0x0000000703700000, 0x0000000703800000|  0%| F|  |TAMS 0x0000000703700000, 0x0000000703700000| Untracked 
|  44|0x0000000703800000, 0x0000000703800000, 0x0000000703900000|  0%| F|  |TAMS 0x0000000703800000, 0x0000000703800000| Untracked 
|  45|0x0000000703900000, 0x0000000703900000, 0x0000000703a00000|  0%| F|  |TAMS 0x0000000703900000, 0x0000000703900000| Untracked 
|  46|0x0000000703a00000, 0x0000000703a00000, 0x0000000703b00000|  0%| F|  |TAMS 0x0000000703a00000, 0x0000000703a00000| Untracked 
|  47|0x0000000703b00000, 0x0000000703b00000, 0x0000000703c00000|  0%| F|  |TAMS 0x0000000703b00000, 0x0000000703b00000| Untracked 
|  48|0x0000000703c00000, 0x0000000703c00000, 0x0000000703d00000|  0%| F|  |TAMS 0x0000000703c00000, 0x0000000703c00000| Untracked 
|  49|0x0000000703d00000, 0x0000000703d00000, 0x0000000703e00000|  0%| F|  |TAMS 0x0000000703d00000, 0x0000000703d00000| Untracked 
|  50|0x0000000703e00000, 0x0000000703e00000, 0x0000000703f00000|  0%| F|  |TAMS 0x0000000703e00000, 0x0000000703e00000| Untracked 
|  51|0x0000000703f00000, 0x0000000703f00000, 0x0000000704000000|  0%| F|  |TAMS 0x0000000703f00000, 0x0000000703f00000| Untracked 
|  52|0x0000000704000000, 0x0000000704000000, 0x0000000704100000|  0%| F|  |TAMS 0x0000000704000000, 0x0000000704000000| Untracked 
|  53|0x0000000704100000, 0x0000000704100000, 0x0000000704200000|  0%| F|  |TAMS 0x0000000704100000, 0x0000000704100000| Untracked 
|  54|0x0000000704200000, 0x0000000704200000, 0x0000000704300000|  0%| F|  |TAMS 0x0000000704200000, 0x0000000704200000| Untracked 
|  55|0x0000000704300000, 0x0000000704300000, 0x0000000704400000|  0%| F|  |TAMS 0x0000000704300000, 0x0000000704300000| Untracked 
|  56|0x0000000704400000, 0x0000000704400000, 0x0000000704500000|  0%| F|  |TAMS 0x0000000704400000, 0x0000000704400000| Untracked 
|  57|0x0000000704500000, 0x0000000704500000, 0x0000000704600000|  0%| F|  |TAMS 0x0000000704500000, 0x0000000704500000| Untracked 
|  58|0x0000000704600000, 0x0000000704600000, 0x0000000704700000|  0%| F|  |TAMS 0x0000000704600000, 0x0000000704600000| Untracked 
|  59|0x0000000704700000, 0x0000000704700000, 0x0000000704800000|  0%| F|  |TAMS 0x0000000704700000, 0x0000000704700000| Untracked 
|  60|0x0000000704800000, 0x0000000704800000, 0x0000000704900000|  0%| F|  |TAMS 0x0000000704800000, 0x0000000704800000| Untracked 
|  61|0x0000000704900000, 0x0000000704900000, 0x0000000704a00000|  0%| F|  |TAMS 0x0000000704900000, 0x0000000704900000| Untracked 
|  62|0x0000000704a00000, 0x0000000704a00000, 0x0000000704b00000|  0%| F|  |TAMS 0x0000000704a00000, 0x0000000704a00000| Untracked 
|  63|0x0000000704b00000, 0x0000000704b00000, 0x0000000704c00000|  0%| F|  |TAMS 0x0000000704b00000, 0x0000000704b00000| Untracked 
|  64|0x0000000704c00000, 0x0000000704c00000, 0x0000000704d00000|  0%| F|  |TAMS 0x0000000704c00000, 0x0000000704c00000| Untracked 
|  65|0x0000000704d00000, 0x0000000704d00000, 0x0000000704e00000|  0%| F|  |TAMS 0x0000000704d00000, 0x0000000704d00000| Untracked 
|  66|0x0000000704e00000, 0x0000000704e00000, 0x0000000704f00000|  0%| F|  |TAMS 0x0000000704e00000, 0x0000000704e00000| Untracked 
|  67|0x0000000704f00000, 0x0000000704f00000, 0x0000000705000000|  0%| F|  |TAMS 0x0000000704f00000, 0x0000000704f00000| Untracked 
|  68|0x0000000705000000, 0x0000000705000000, 0x0000000705100000|  0%| F|  |TAMS 0x0000000705000000, 0x0000000705000000| Untracked 
|  69|0x0000000705100000, 0x0000000705100000, 0x0000000705200000|  0%| F|  |TAMS 0x0000000705100000, 0x0000000705100000| Untracked 
|  70|0x0000000705200000, 0x0000000705200000, 0x0000000705300000|  0%| F|  |TAMS 0x0000000705200000, 0x0000000705200000| Untracked 
|  71|0x0000000705300000, 0x0000000705300000, 0x0000000705400000|  0%| F|  |TAMS 0x0000000705300000, 0x0000000705300000| Untracked 
|  72|0x0000000705400000, 0x0000000705400000, 0x0000000705500000|  0%| F|  |TAMS 0x0000000705400000, 0x0000000705400000| Untracked 
|  73|0x0000000705500000, 0x0000000705500000, 0x0000000705600000|  0%| F|  |TAMS 0x0000000705500000, 0x0000000705500000| Untracked 
|  74|0x0000000705600000, 0x0000000705600000, 0x0000000705700000|  0%| F|  |TAMS 0x0000000705600000, 0x0000000705600000| Untracked 
|  75|0x0000000705700000, 0x0000000705700000, 0x0000000705800000|  0%| F|  |TAMS 0x0000000705700000, 0x0000000705700000| Untracked 
|  76|0x0000000705800000, 0x0000000705800000, 0x0000000705900000|  0%| F|  |TAMS 0x0000000705800000, 0x0000000705800000| Untracked 
|  77|0x0000000705900000, 0x0000000705900000, 0x0000000705a00000|  0%| F|  |TAMS 0x0000000705900000, 0x0000000705900000| Untracked 
|  78|0x0000000705a00000, 0x0000000705a00000, 0x0000000705b00000|  0%| F|  |TAMS 0x0000000705a00000, 0x0000000705a00000| Untracked 
|  79|0x0000000705b00000, 0x0000000705b00000, 0x0000000705c00000|  0%| F|  |TAMS 0x0000000705b00000, 0x0000000705b00000| Untracked 
|  80|0x0000000705c00000, 0x0000000705c00000, 0x0000000705d00000|  0%| F|  |TAMS 0x0000000705c00000, 0x0000000705c00000| Untracked 
|  81|0x0000000705d00000, 0x0000000705d00000, 0x0000000705e00000|  0%| F|  |TAMS 0x0000000705d00000, 0x0000000705d00000| Untracked 
|  82|0x0000000705e00000, 0x0000000705e00000, 0x0000000705f00000|  0%| F|  |TAMS 0x0000000705e00000, 0x0000000705e00000| Untracked 
|  83|0x0000000705f00000, 0x0000000705f00000, 0x0000000706000000|  0%| F|  |TAMS 0x0000000705f00000, 0x0000000705f00000| Untracked 
|  84|0x0000000706000000, 0x0000000706000000, 0x0000000706100000|  0%| F|  |TAMS 0x0000000706000000, 0x0000000706000000| Untracked 
|  85|0x0000000706100000, 0x0000000706100000, 0x0000000706200000|  0%| F|  |TAMS 0x0000000706100000, 0x0000000706100000| Untracked 
|  86|0x0000000706200000, 0x0000000706200000, 0x0000000706300000|  0%| F|  |TAMS 0x0000000706200000, 0x0000000706200000| Untracked 
|  87|0x0000000706300000, 0x0000000706300000, 0x0000000706400000|  0%| F|  |TAMS 0x0000000706300000, 0x0000000706300000| Untracked 
|  88|0x0000000706400000, 0x0000000706400000, 0x0000000706500000|  0%| F|  |TAMS 0x0000000706400000, 0x0000000706400000| Untracked 
|  89|0x0000000706500000, 0x0000000706500000, 0x0000000706600000|  0%| F|  |TAMS 0x0000000706500000, 0x0000000706500000| Untracked 
|  90|0x0000000706600000, 0x0000000706600000, 0x0000000706700000|  0%| F|  |TAMS 0x0000000706600000, 0x0000000706600000| Untracked 
|  91|0x0000000706700000, 0x0000000706700000, 0x0000000706800000|  0%| F|  |TAMS 0x0000000706700000, 0x0000000706700000| Untracked 
|  92|0x0000000706800000, 0x0000000706800000, 0x0000000706900000|  0%| F|  |TAMS 0x0000000706800000, 0x0000000706800000| Untracked 
|  93|0x0000000706900000, 0x0000000706900000, 0x0000000706a00000|  0%| F|  |TAMS 0x0000000706900000, 0x0000000706900000| Untracked 
|  94|0x0000000706a00000, 0x0000000706a00000, 0x0000000706b00000|  0%| F|  |TAMS 0x0000000706a00000, 0x0000000706a00000| Untracked 
|  95|0x0000000706b00000, 0x0000000706b00000, 0x0000000706c00000|  0%| F|  |TAMS 0x0000000706b00000, 0x0000000706b00000| Untracked 
|  96|0x0000000706c00000, 0x0000000706c00000, 0x0000000706d00000|  0%| F|  |TAMS 0x0000000706c00000, 0x0000000706c00000| Untracked 
|  97|0x0000000706d00000, 0x0000000706d00000, 0x0000000706e00000|  0%| F|  |TAMS 0x0000000706d00000, 0x0000000706d00000| Untracked 
|  98|0x0000000706e00000, 0x0000000706e00000, 0x0000000706f00000|  0%| F|  |TAMS 0x0000000706e00000, 0x0000000706e00000| Untracked 
|  99|0x0000000706f00000, 0x0000000706f00000, 0x0000000707000000|  0%| F|  |TAMS 0x0000000706f00000, 0x0000000706f00000| Untracked 
| 100|0x0000000707000000, 0x0000000707000000, 0x0000000707100000|  0%| F|  |TAMS 0x0000000707000000, 0x0000000707000000| Untracked 
| 101|0x0000000707100000, 0x0000000707100000, 0x0000000707200000|  0%| F|  |TAMS 0x0000000707100000, 0x0000000707100000| Untracked 
| 102|0x0000000707200000, 0x0000000707200000, 0x0000000707300000|  0%| F|  |TAMS 0x0000000707200000, 0x0000000707200000| Untracked 
| 103|0x0000000707300000, 0x0000000707300000, 0x0000000707400000|  0%| F|  |TAMS 0x0000000707300000, 0x0000000707300000| Untracked 
| 104|0x0000000707400000, 0x0000000707400000, 0x0000000707500000|  0%| F|  |TAMS 0x0000000707400000, 0x0000000707400000| Untracked 
| 105|0x0000000707500000, 0x0000000707500000, 0x0000000707600000|  0%| F|  |TAMS 0x0000000707500000, 0x0000000707500000| Untracked 
| 106|0x0000000707600000, 0x0000000707600000, 0x0000000707700000|  0%| F|  |TAMS 0x0000000707600000, 0x0000000707600000| Untracked 
| 107|0x0000000707700000, 0x0000000707700000, 0x0000000707800000|  0%| F|  |TAMS 0x0000000707700000, 0x0000000707700000| Untracked 
| 108|0x0000000707800000, 0x0000000707800000, 0x0000000707900000|  0%| F|  |TAMS 0x0000000707800000, 0x0000000707800000| Untracked 
| 109|0x0000000707900000, 0x0000000707900000, 0x0000000707a00000|  0%| F|  |TAMS 0x0000000707900000, 0x0000000707900000| Untracked 
| 110|0x0000000707a00000, 0x0000000707a00000, 0x0000000707b00000|  0%| F|  |TAMS 0x0000000707a00000, 0x0000000707a00000| Untracked 
| 111|0x0000000707b00000, 0x0000000707b00000, 0x0000000707c00000|  0%| F|  |TAMS 0x0000000707b00000, 0x0000000707b00000| Untracked 
| 112|0x0000000707c00000, 0x0000000707c00000, 0x0000000707d00000|  0%| F|  |TAMS 0x0000000707c00000, 0x0000000707c00000| Untracked 
| 113|0x0000000707d00000, 0x0000000707d00000, 0x0000000707e00000|  0%| F|  |TAMS 0x0000000707d00000, 0x0000000707d00000| Untracked 
| 114|0x0000000707e00000, 0x0000000707e00000, 0x0000000707f00000|  0%| F|  |TAMS 0x0000000707e00000, 0x0000000707e00000| Untracked 
| 115|0x0000000707f00000, 0x0000000707f00000, 0x0000000708000000|  0%| F|  |TAMS 0x0000000707f00000, 0x0000000707f00000| Untracked 
| 116|0x0000000708000000, 0x0000000708000000, 0x0000000708100000|  0%| F|  |TAMS 0x0000000708000000, 0x0000000708000000| Untracked 
| 117|0x0000000708100000, 0x0000000708100000, 0x0000000708200000|  0%| F|  |TAMS 0x0000000708100000, 0x0000000708100000| Untracked 
| 118|0x0000000708200000, 0x0000000708200000, 0x0000000708300000|  0%| F|  |TAMS 0x0000000708200000, 0x0000000708200000| Untracked 
| 119|0x0000000708300000, 0x0000000708300000, 0x0000000708400000|  0%| F|  |TAMS 0x0000000708300000, 0x0000000708300000| Untracked 
| 120|0x0000000708400000, 0x0000000708400000, 0x0000000708500000|  0%| F|  |TAMS 0x0000000708400000, 0x0000000708400000| Untracked 
| 121|0x0000000708500000, 0x0000000708500000, 0x0000000708600000|  0%| F|  |TAMS 0x0000000708500000, 0x0000000708500000| Untracked 
| 122|0x0000000708600000, 0x0000000708600000, 0x0000000708700000|  0%| F|  |TAMS 0x0000000708600000, 0x0000000708600000| Untracked 
| 123|0x0000000708700000, 0x0000000708700000, 0x0000000708800000|  0%| F|  |TAMS 0x0000000708700000, 0x0000000708700000| Untracked 
| 124|0x0000000708800000, 0x0000000708800000, 0x0000000708900000|  0%| F|  |TAMS 0x0000000708800000, 0x0000000708800000| Untracked 
| 125|0x0000000708900000, 0x0000000708900000, 0x0000000708a00000|  0%| F|  |TAMS 0x0000000708900000, 0x0000000708900000| Untracked 
| 126|0x0000000708a00000, 0x0000000708a00000, 0x0000000708b00000|  0%| F|  |TAMS 0x0000000708a00000, 0x0000000708a00000| Untracked 
| 127|0x0000000708b00000, 0x0000000708b00000, 0x0000000708c00000|  0%| F|  |TAMS 0x0000000708b00000, 0x0000000708b00000| Untracked 
| 128|0x0000000708c00000, 0x0000000708c00000, 0x0000000708d00000|  0%| F|  |TAMS 0x0000000708c00000, 0x0000000708c00000| Untracked 
| 129|0x0000000708d00000, 0x0000000708d00000, 0x0000000708e00000|  0%| F|  |TAMS 0x0000000708d00000, 0x0000000708d00000| Untracked 
| 130|0x0000000708e00000, 0x0000000708e00000, 0x0000000708f00000|  0%| F|  |TAMS 0x0000000708e00000, 0x0000000708e00000| Untracked 
| 131|0x0000000708f00000, 0x0000000708f00000, 0x0000000709000000|  0%| F|  |TAMS 0x0000000708f00000, 0x0000000708f00000| Untracked 
| 132|0x0000000709000000, 0x0000000709000000, 0x0000000709100000|  0%| F|  |TAMS 0x0000000709000000, 0x0000000709000000| Untracked 
| 133|0x0000000709100000, 0x0000000709100000, 0x0000000709200000|  0%| F|  |TAMS 0x0000000709100000, 0x0000000709100000| Untracked 
| 134|0x0000000709200000, 0x0000000709200000, 0x0000000709300000|  0%| F|  |TAMS 0x0000000709200000, 0x0000000709200000| Untracked 
| 135|0x0000000709300000, 0x0000000709300000, 0x0000000709400000|  0%| F|  |TAMS 0x0000000709300000, 0x0000000709300000| Untracked 
| 136|0x0000000709400000, 0x0000000709400000, 0x0000000709500000|  0%| F|  |TAMS 0x0000000709400000, 0x0000000709400000| Untracked 
| 137|0x0000000709500000, 0x0000000709500000, 0x0000000709600000|  0%| F|  |TAMS 0x0000000709500000, 0x0000000709500000| Untracked 
| 138|0x0000000709600000, 0x0000000709600000, 0x0000000709700000|  0%| F|  |TAMS 0x0000000709600000, 0x0000000709600000| Untracked 
| 139|0x0000000709700000, 0x0000000709700000, 0x0000000709800000|  0%| F|  |TAMS 0x0000000709700000, 0x0000000709700000| Untracked 
| 140|0x0000000709800000, 0x0000000709800000, 0x0000000709900000|  0%| F|  |TAMS 0x0000000709800000, 0x0000000709800000| Untracked 
| 141|0x0000000709900000, 0x0000000709900000, 0x0000000709a00000|  0%| F|  |TAMS 0x0000000709900000, 0x0000000709900000| Untracked 
| 142|0x0000000709a00000, 0x0000000709a00000, 0x0000000709b00000|  0%| F|  |TAMS 0x0000000709a00000, 0x0000000709a00000| Untracked 
| 143|0x0000000709b00000, 0x0000000709b00000, 0x0000000709c00000|  0%| F|  |TAMS 0x0000000709b00000, 0x0000000709b00000| Untracked 
| 144|0x0000000709c00000, 0x0000000709c00000, 0x0000000709d00000|  0%| F|  |TAMS 0x0000000709c00000, 0x0000000709c00000| Untracked 
| 145|0x0000000709d00000, 0x0000000709d00000, 0x0000000709e00000|  0%| F|  |TAMS 0x0000000709d00000, 0x0000000709d00000| Untracked 
| 146|0x0000000709e00000, 0x0000000709e00000, 0x0000000709f00000|  0%| F|  |TAMS 0x0000000709e00000, 0x0000000709e00000| Untracked 
| 147|0x0000000709f00000, 0x0000000709f00000, 0x000000070a000000|  0%| F|  |TAMS 0x0000000709f00000, 0x0000000709f00000| Untracked 
| 148|0x000000070a000000, 0x000000070a000000, 0x000000070a100000|  0%| F|  |TAMS 0x000000070a000000, 0x000000070a000000| Untracked 
| 149|0x000000070a100000, 0x000000070a100000, 0x000000070a200000|  0%| F|  |TAMS 0x000000070a100000, 0x000000070a100000| Untracked 
| 150|0x000000070a200000, 0x000000070a200000, 0x000000070a300000|  0%| F|  |TAMS 0x000000070a200000, 0x000000070a200000| Untracked 
| 151|0x000000070a300000, 0x000000070a300000, 0x000000070a400000|  0%| F|  |TAMS 0x000000070a300000, 0x000000070a300000| Untracked 
| 152|0x000000070a400000, 0x000000070a400000, 0x000000070a500000|  0%| F|  |TAMS 0x000000070a400000, 0x000000070a400000| Untracked 
| 153|0x000000070a500000, 0x000000070a500000, 0x000000070a600000|  0%| F|  |TAMS 0x000000070a500000, 0x000000070a500000| Untracked 
| 154|0x000000070a600000, 0x000000070a600000, 0x000000070a700000|  0%| F|  |TAMS 0x000000070a600000, 0x000000070a600000| Untracked 
| 155|0x000000070a700000, 0x000000070a700000, 0x000000070a800000|  0%| F|  |TAMS 0x000000070a700000, 0x000000070a700000| Untracked 
| 156|0x000000070a800000, 0x000000070a800000, 0x000000070a900000|  0%| F|  |TAMS 0x000000070a800000, 0x000000070a800000| Untracked 
| 157|0x000000070a900000, 0x000000070a900000, 0x000000070aa00000|  0%| F|  |TAMS 0x000000070a900000, 0x000000070a900000| Untracked 
| 158|0x000000070aa00000, 0x000000070aa00000, 0x000000070ab00000|  0%| F|  |TAMS 0x000000070aa00000, 0x000000070aa00000| Untracked 
| 159|0x000000070ab00000, 0x000000070ab00000, 0x000000070ac00000|  0%| F|  |TAMS 0x000000070ab00000, 0x000000070ab00000| Untracked 
| 160|0x000000070ac00000, 0x000000070ac00000, 0x000000070ad00000|  0%| F|  |TAMS 0x000000070ac00000, 0x000000070ac00000| Untracked 
| 161|0x000000070ad00000, 0x000000070ad00000, 0x000000070ae00000|  0%| F|  |TAMS 0x000000070ad00000, 0x000000070ad00000| Untracked 
| 162|0x000000070ae00000, 0x000000070ae00000, 0x000000070af00000|  0%| F|  |TAMS 0x000000070ae00000, 0x000000070ae00000| Untracked 
| 163|0x000000070af00000, 0x000000070af00000, 0x000000070b000000|  0%| F|  |TAMS 0x000000070af00000, 0x000000070af00000| Untracked 
| 164|0x000000070b000000, 0x000000070b000000, 0x000000070b100000|  0%| F|  |TAMS 0x000000070b000000, 0x000000070b000000| Untracked 
| 165|0x000000070b100000, 0x000000070b100000, 0x000000070b200000|  0%| F|  |TAMS 0x000000070b100000, 0x000000070b100000| Untracked 
| 166|0x000000070b200000, 0x000000070b200000, 0x000000070b300000|  0%| F|  |TAMS 0x000000070b200000, 0x000000070b200000| Untracked 
| 167|0x000000070b300000, 0x000000070b300000, 0x000000070b400000|  0%| F|  |TAMS 0x000000070b300000, 0x000000070b300000| Untracked 
| 168|0x000000070b400000, 0x000000070b400000, 0x000000070b500000|  0%| F|  |TAMS 0x000000070b400000, 0x000000070b400000| Untracked 
| 169|0x000000070b500000, 0x000000070b500000, 0x000000070b600000|  0%| F|  |TAMS 0x000000070b500000, 0x000000070b500000| Untracked 
| 170|0x000000070b600000, 0x000000070b600000, 0x000000070b700000|  0%| F|  |TAMS 0x000000070b600000, 0x000000070b600000| Untracked 
| 171|0x000000070b700000, 0x000000070b700000, 0x000000070b800000|  0%| F|  |TAMS 0x000000070b700000, 0x000000070b700000| Untracked 
| 172|0x000000070b800000, 0x000000070b800000, 0x000000070b900000|  0%| F|  |TAMS 0x000000070b800000, 0x000000070b800000| Untracked 
| 173|0x000000070b900000, 0x000000070b900000, 0x000000070ba00000|  0%| F|  |TAMS 0x000000070b900000, 0x000000070b900000| Untracked 
| 174|0x000000070ba00000, 0x000000070ba00000, 0x000000070bb00000|  0%| F|  |TAMS 0x000000070ba00000, 0x000000070ba00000| Untracked 
| 175|0x000000070bb00000, 0x000000070bb00000, 0x000000070bc00000|  0%| F|  |TAMS 0x000000070bb00000, 0x000000070bb00000| Untracked 
| 176|0x000000070bc00000, 0x000000070bc00000, 0x000000070bd00000|  0%| F|  |TAMS 0x000000070bc00000, 0x000000070bc00000| Untracked 
| 177|0x000000070bd00000, 0x000000070bd00000, 0x000000070be00000|  0%| F|  |TAMS 0x000000070bd00000, 0x000000070bd00000| Untracked 
| 178|0x000000070be00000, 0x000000070be00000, 0x000000070bf00000|  0%| F|  |TAMS 0x000000070be00000, 0x000000070be00000| Untracked 
| 179|0x000000070bf00000, 0x000000070bf00000, 0x000000070c000000|  0%| F|  |TAMS 0x000000070bf00000, 0x000000070bf00000| Untracked 
| 180|0x000000070c000000, 0x000000070c000000, 0x000000070c100000|  0%| F|  |TAMS 0x000000070c000000, 0x000000070c000000| Untracked 
| 181|0x000000070c100000, 0x000000070c100000, 0x000000070c200000|  0%| F|  |TAMS 0x000000070c100000, 0x000000070c100000| Untracked 
| 182|0x000000070c200000, 0x000000070c200000, 0x000000070c300000|  0%| F|  |TAMS 0x000000070c200000, 0x000000070c200000| Untracked 
| 183|0x000000070c300000, 0x000000070c300000, 0x000000070c400000|  0%| F|  |TAMS 0x000000070c300000, 0x000000070c300000| Untracked 
| 184|0x000000070c400000, 0x000000070c400000, 0x000000070c500000|  0%| F|  |TAMS 0x000000070c400000, 0x000000070c400000| Untracked 
| 185|0x000000070c500000, 0x000000070c500000, 0x000000070c600000|  0%| F|  |TAMS 0x000000070c500000, 0x000000070c500000| Untracked 
| 186|0x000000070c600000, 0x000000070c600000, 0x000000070c700000|  0%| F|  |TAMS 0x000000070c600000, 0x000000070c600000| Untracked 
| 187|0x000000070c700000, 0x000000070c700000, 0x000000070c800000|  0%| F|  |TAMS 0x000000070c700000, 0x000000070c700000| Untracked 
| 188|0x000000070c800000, 0x000000070c800000, 0x000000070c900000|  0%| F|  |TAMS 0x000000070c800000, 0x000000070c800000| Untracked 
| 189|0x000000070c900000, 0x000000070c900000, 0x000000070ca00000|  0%| F|  |TAMS 0x000000070c900000, 0x000000070c900000| Untracked 
| 190|0x000000070ca00000, 0x000000070ca00000, 0x000000070cb00000|  0%| F|  |TAMS 0x000000070ca00000, 0x000000070ca00000| Untracked 
| 191|0x000000070cb00000, 0x000000070cb00000, 0x000000070cc00000|  0%| F|  |TAMS 0x000000070cb00000, 0x000000070cb00000| Untracked 
| 192|0x000000070cc00000, 0x000000070cc98600, 0x000000070cd00000| 59%| S|CS|TAMS 0x000000070cc00000, 0x000000070cc00000| Complete 
| 193|0x000000070cd00000, 0x000000070ce00000, 0x000000070ce00000|100%| S|CS|TAMS 0x000000070cd00000, 0x000000070cd00000| Complete 
| 194|0x000000070ce00000, 0x000000070cf00000, 0x000000070cf00000|100%| S|CS|TAMS 0x000000070ce00000, 0x000000070ce00000| Complete 
| 195|0x000000070cf00000, 0x000000070d000000, 0x000000070d000000|100%| S|CS|TAMS 0x000000070cf00000, 0x000000070cf00000| Complete 
| 196|0x000000070d000000, 0x000000070d100000, 0x000000070d100000|100%| S|CS|TAMS 0x000000070d000000, 0x000000070d000000| Complete 
| 197|0x000000070d100000, 0x000000070d200000, 0x000000070d200000|100%| S|CS|TAMS 0x000000070d100000, 0x000000070d100000| Complete 
| 198|0x000000070d200000, 0x000000070d300000, 0x000000070d300000|100%| S|CS|TAMS 0x000000070d200000, 0x000000070d200000| Complete 
| 199|0x000000070d300000, 0x000000070d400000, 0x000000070d400000|100%| S|CS|TAMS 0x000000070d300000, 0x000000070d300000| Complete 
| 200|0x000000070d400000, 0x000000070d500000, 0x000000070d500000|100%| S|CS|TAMS 0x000000070d400000, 0x000000070d400000| Complete 
| 201|0x000000070d500000, 0x000000070d600000, 0x000000070d600000|100%| S|CS|TAMS 0x000000070d500000, 0x000000070d500000| Complete 
| 202|0x000000070d600000, 0x000000070d700000, 0x000000070d700000|100%| S|CS|TAMS 0x000000070d600000, 0x000000070d600000| Complete 
| 203|0x000000070d700000, 0x000000070d800000, 0x000000070d800000|100%| S|CS|TAMS 0x000000070d700000, 0x000000070d700000| Complete 
| 204|0x000000070d800000, 0x000000070d900000, 0x000000070d900000|100%| S|CS|TAMS 0x000000070d800000, 0x000000070d800000| Complete 
| 205|0x000000070d900000, 0x000000070d900000, 0x000000070da00000|  0%| F|  |TAMS 0x000000070d900000, 0x000000070d900000| Untracked 
| 206|0x000000070da00000, 0x000000070da00000, 0x000000070db00000|  0%| F|  |TAMS 0x000000070da00000, 0x000000070da00000| Untracked 
| 207|0x000000070db00000, 0x000000070db00000, 0x000000070dc00000|  0%| F|  |TAMS 0x000000070db00000, 0x000000070db00000| Untracked 
| 208|0x000000070dc00000, 0x000000070dc00000, 0x000000070dd00000|  0%| F|  |TAMS 0x000000070dc00000, 0x000000070dc00000| Untracked 
| 209|0x000000070dd00000, 0x000000070dd00000, 0x000000070de00000|  0%| F|  |TAMS 0x000000070dd00000, 0x000000070dd00000| Untracked 
| 210|0x000000070de00000, 0x000000070de00000, 0x000000070df00000|  0%| F|  |TAMS 0x000000070de00000, 0x000000070de00000| Untracked 
| 211|0x000000070df00000, 0x000000070df00000, 0x000000070e000000|  0%| F|  |TAMS 0x000000070df00000, 0x000000070df00000| Untracked 
| 212|0x000000070e000000, 0x000000070e000000, 0x000000070e100000|  0%| F|  |TAMS 0x000000070e000000, 0x000000070e000000| Untracked 
| 213|0x000000070e100000, 0x000000070e100000, 0x000000070e200000|  0%| F|  |TAMS 0x000000070e100000, 0x000000070e100000| Untracked 
| 214|0x000000070e200000, 0x000000070e200000, 0x000000070e300000|  0%| F|  |TAMS 0x000000070e200000, 0x000000070e200000| Untracked 
| 215|0x000000070e300000, 0x000000070e300000, 0x000000070e400000|  0%| F|  |TAMS 0x000000070e300000, 0x000000070e300000| Untracked 
| 216|0x000000070e400000, 0x000000070e400000, 0x000000070e500000|  0%| F|  |TAMS 0x000000070e400000, 0x000000070e400000| Untracked 
| 217|0x000000070e500000, 0x000000070e500000, 0x000000070e600000|  0%| F|  |TAMS 0x000000070e500000, 0x000000070e500000| Untracked 
| 218|0x000000070e600000, 0x000000070e600000, 0x000000070e700000|  0%| F|  |TAMS 0x000000070e600000, 0x000000070e600000| Untracked 
| 219|0x000000070e700000, 0x000000070e700000, 0x000000070e800000|  0%| F|  |TAMS 0x000000070e700000, 0x000000070e700000| Untracked 
| 220|0x000000070e800000, 0x000000070e800000, 0x000000070e900000|  0%| F|  |TAMS 0x000000070e800000, 0x000000070e800000| Untracked 
| 221|0x000000070e900000, 0x000000070e900000, 0x000000070ea00000|  0%| F|  |TAMS 0x000000070e900000, 0x000000070e900000| Untracked 
| 222|0x000000070ea00000, 0x000000070ea00000, 0x000000070eb00000|  0%| F|  |TAMS 0x000000070ea00000, 0x000000070ea00000| Untracked 
| 223|0x000000070eb00000, 0x000000070eb00000, 0x000000070ec00000|  0%| F|  |TAMS 0x000000070eb00000, 0x000000070eb00000| Untracked 
| 224|0x000000070ec00000, 0x000000070ec00000, 0x000000070ed00000|  0%| F|  |TAMS 0x000000070ec00000, 0x000000070ec00000| Untracked 
| 225|0x000000070ed00000, 0x000000070ed00000, 0x000000070ee00000|  0%| F|  |TAMS 0x000000070ed00000, 0x000000070ed00000| Untracked 
| 226|0x000000070ee00000, 0x000000070ee00000, 0x000000070ef00000|  0%| F|  |TAMS 0x000000070ee00000, 0x000000070ee00000| Untracked 
| 227|0x000000070ef00000, 0x000000070ef00000, 0x000000070f000000|  0%| F|  |TAMS 0x000000070ef00000, 0x000000070ef00000| Untracked 
| 228|0x000000070f000000, 0x000000070f000000, 0x000000070f100000|  0%| F|  |TAMS 0x000000070f000000, 0x000000070f000000| Untracked 
| 229|0x000000070f100000, 0x000000070f100000, 0x000000070f200000|  0%| F|  |TAMS 0x000000070f100000, 0x000000070f100000| Untracked 
| 230|0x000000070f200000, 0x000000070f200000, 0x000000070f300000|  0%| F|  |TAMS 0x000000070f200000, 0x000000070f200000| Untracked 
| 231|0x000000070f300000, 0x000000070f300000, 0x000000070f400000|  0%| F|  |TAMS 0x000000070f300000, 0x000000070f300000| Untracked 
| 232|0x000000070f400000, 0x000000070f400000, 0x000000070f500000|  0%| F|  |TAMS 0x000000070f400000, 0x000000070f400000| Untracked 
| 233|0x000000070f500000, 0x000000070f500000, 0x000000070f600000|  0%| F|  |TAMS 0x000000070f500000, 0x000000070f500000| Untracked 
| 234|0x000000070f600000, 0x000000070f600000, 0x000000070f700000|  0%| F|  |TAMS 0x000000070f600000, 0x000000070f600000| Untracked 
| 235|0x000000070f700000, 0x000000070f700000, 0x000000070f800000|  0%| F|  |TAMS 0x000000070f700000, 0x000000070f700000| Untracked 
| 236|0x000000070f800000, 0x000000070f800000, 0x000000070f900000|  0%| F|  |TAMS 0x000000070f800000, 0x000000070f800000| Untracked 
| 237|0x000000070f900000, 0x000000070f900000, 0x000000070fa00000|  0%| F|  |TAMS 0x000000070f900000, 0x000000070f900000| Untracked 
| 238|0x000000070fa00000, 0x000000070fa00000, 0x000000070fb00000|  0%| F|  |TAMS 0x000000070fa00000, 0x000000070fa00000| Untracked 
| 239|0x000000070fb00000, 0x000000070fb00000, 0x000000070fc00000|  0%| F|  |TAMS 0x000000070fb00000, 0x000000070fb00000| Untracked 
| 240|0x000000070fc00000, 0x000000070fc00000, 0x000000070fd00000|  0%| F|  |TAMS 0x000000070fc00000, 0x000000070fc00000| Untracked 
| 241|0x000000070fd00000, 0x000000070fd00000, 0x000000070fe00000|  0%| F|  |TAMS 0x000000070fd00000, 0x000000070fd00000| Untracked 
| 242|0x000000070fe00000, 0x000000070fe00000, 0x000000070ff00000|  0%| F|  |TAMS 0x000000070fe00000, 0x000000070fe00000| Untracked 
| 243|0x000000070ff00000, 0x000000070ff00000, 0x0000000710000000|  0%| F|  |TAMS 0x000000070ff00000, 0x000000070ff00000| Untracked 
| 244|0x0000000710000000, 0x0000000710000000, 0x0000000710100000|  0%| F|  |TAMS 0x0000000710000000, 0x0000000710000000| Untracked 
| 245|0x0000000710100000, 0x0000000710100000, 0x0000000710200000|  0%| F|  |TAMS 0x0000000710100000, 0x0000000710100000| Untracked 
| 246|0x0000000710200000, 0x0000000710200000, 0x0000000710300000|  0%| F|  |TAMS 0x0000000710200000, 0x0000000710200000| Untracked 
| 247|0x0000000710300000, 0x0000000710300000, 0x0000000710400000|  0%| F|  |TAMS 0x0000000710300000, 0x0000000710300000| Untracked 
| 248|0x0000000710400000, 0x0000000710400000, 0x0000000710500000|  0%| F|  |TAMS 0x0000000710400000, 0x0000000710400000| Untracked 
| 249|0x0000000710500000, 0x0000000710500000, 0x0000000710600000|  0%| F|  |TAMS 0x0000000710500000, 0x0000000710500000| Untracked 
| 250|0x0000000710600000, 0x0000000710600000, 0x0000000710700000|  0%| F|  |TAMS 0x0000000710600000, 0x0000000710600000| Untracked 
| 251|0x0000000710700000, 0x0000000710700000, 0x0000000710800000|  0%| F|  |TAMS 0x0000000710700000, 0x0000000710700000| Untracked 
| 252|0x0000000710800000, 0x0000000710800000, 0x0000000710900000|  0%| F|  |TAMS 0x0000000710800000, 0x0000000710800000| Untracked 
| 253|0x0000000710900000, 0x0000000710900000, 0x0000000710a00000|  0%| F|  |TAMS 0x0000000710900000, 0x0000000710900000| Untracked 
| 254|0x0000000710a00000, 0x0000000710a00000, 0x0000000710b00000|  0%| F|  |TAMS 0x0000000710a00000, 0x0000000710a00000| Untracked 
| 255|0x0000000710b00000, 0x0000000710b00000, 0x0000000710c00000|  0%| F|  |TAMS 0x0000000710b00000, 0x0000000710b00000| Untracked 

Card table byte_map: [0x0000022cfecd0000,0x0000022cff4d0000] _byte_map_base: 0x0000022cfb4ca000

Marking Bits (Prev, Next): (CMBitMap*) 0x0000022cfbfdfd48, (CMBitMap*) 0x0000022cfbfdfd80
 Prev Bits: [0x0000022c97330000, 0x0000022c9b300000)
 Next Bits: [0x0000022c9b300000, 0x0000022c9f2d0000)

Polling page: 0x0000022cfbda0000

Metaspace:

Usage:
  Non-class:     50.36 MB capacity,    49.38 MB ( 98%) used,   795.48 KB (  2%) free+waste,   202.06 KB ( <1%) overhead. 
      Class:      8.30 MB capacity,     7.60 MB ( 92%) used,   615.73 KB (  7%) free+waste,    99.50 KB (  1%) overhead. 
       Both:     58.66 MB capacity,    56.98 MB ( 97%) used,     1.38 MB (  2%) free+waste,   301.56 KB ( <1%) overhead. 

Virtual space:
  Non-class space:       52.00 MB reserved,      50.38 MB ( 97%) committed 
      Class space:        1.00 GB reserved,       8.38 MB ( <1%) committed 
             Both:        1.05 GB reserved,      58.75 MB (  5%) committed 

Chunk freelists:
   Non-Class:  2.25 KB
       Class:  1.88 KB
        Both:  4.13 KB

CodeHeap 'non-profiled nmethods': size=238336Kb used=7626Kb max_used=7626Kb free=230709Kb
 bounds [0x0000022c88a70000, 0x0000022c891f0000, 0x0000022c97330000]
CodeHeap 'non-nmethods': size=7424Kb used=1240Kb max_used=1240Kb free=6183Kb
 bounds [0x0000022c88330000, 0x0000022c885a0000, 0x0000022c88a70000]
 total_blobs=5222 nmethods=4626 adapters=520
 compilation: enabled
              stopped_count=0, restarted_count=0
 full_count=0

Compilation events (10 events):
Event: 4.691 Thread 0x0000022ca264e800 4655   !   1       com.sun.proxy.$Proxy5::annotationType (29 bytes)
Event: 4.691 Thread 0x0000022ca264e800 nmethod 4655 0x0000022c891e1310 code [0x0000022c891e14e0, 0x0000022c891e1780]
Event: 4.693 Thread 0x0000022ca264e800 4656       1       org.springframework.data.util.Lazy::get (21 bytes)
Event: 4.694 Thread 0x0000022ca264e800 nmethod 4656 0x0000022c891e1910 code [0x0000022c891e1ae0, 0x0000022c891e1d80]
Event: 4.703 Thread 0x0000022ca264e800 4657       1       java.util.regex.Pattern::nextEscaped (19 bytes)
Event: 4.703 Thread 0x0000022ca264e800 nmethod 4657 0x0000022c891e1e90 code [0x0000022c891e2020, 0x0000022c891e2178]
Event: 4.703 Thread 0x0000022ca264e800 4658       1       java.util.regex.Pattern$Node::match (27 bytes)
Event: 4.703 Thread 0x0000022ca264e800 nmethod 4658 0x0000022c891e2210 code [0x0000022c891e23c0, 0x0000022c891e2538]
Event: 4.704 Thread 0x0000022ca264e800 4659       1       java.util.regex.Pattern$CharProperty::<init> (10 bytes)
Event: 4.705 Thread 0x0000022ca264e800 nmethod 4659 0x0000022c891e2610 code [0x0000022c891e27c0, 0x0000022c891e2998]

GC Heap History (10 events):
Event: 0.955 GC heap after
{Heap after GC invocations=2 (full 0):
 garbage-first heap   total 262144K, used 8984K [0x0000000700c00000, 0x0000000800000000)
  region size 1024K, 2 young (2048K), 2 survivors (2048K)
 Metaspace       used 17375K, capacity 17891K, committed 18048K, reserved 1064960K
  class space    used 1960K, capacity 2175K, committed 2176K, reserved 1048576K
}
Event: 1.346 GC heap before
{Heap before GC invocations=2 (full 0):
 garbage-first heap   total 262144K, used 28440K [0x0000000700c00000, 0x0000000800000000)
  region size 1024K, 22 young (22528K), 2 survivors (2048K)
 Metaspace       used 20436K, capacity 21150K, committed 21248K, reserved 1067008K
  class space    used 2448K, capacity 2752K, committed 2816K, reserved 1048576K
}
Event: 1.348 GC heap after
{Heap after GC invocations=3 (full 0):
 garbage-first heap   total 262144K, used 10016K [0x0000000700c00000, 0x0000000800000000)
  region size 1024K, 3 young (3072K), 3 survivors (3072K)
 Metaspace       used 20436K, capacity 21150K, committed 21248K, reserved 1067008K
  class space    used 2448K, capacity 2752K, committed 2816K, reserved 1048576K
}
Event: 1.782 GC heap before
{Heap before GC invocations=4 (full 0):
 garbage-first heap   total 262144K, used 95008K [0x0000000700c00000, 0x0000000800000000)
  region size 1024K, 87 young (89088K), 3 survivors (3072K)
 Metaspace       used 26647K, capacity 27501K, committed 27776K, reserved 1073152K
  class space    used 3268K, capacity 3612K, committed 3712K, reserved 1048576K
}
Event: 1.786 GC heap after
{Heap after GC invocations=5 (full 0):
 garbage-first heap   total 262144K, used 12609K [0x0000000700c00000, 0x0000000800000000)
  region size 1024K, 5 young (5120K), 5 survivors (5120K)
 Metaspace       used 26647K, capacity 27501K, committed 27776K, reserved 1073152K
  class space    used 3268K, capacity 3612K, committed 3712K, reserved 1048576K
}
Event: 2.651 GC heap before
{Heap before GC invocations=5 (full 0):
 garbage-first heap   total 262144K, used 131393K [0x0000000700c00000, 0x0000000800000000)
  region size 1024K, 123 young (125952K), 5 survivors (5120K)
 Metaspace       used 34529K, capacity 35745K, committed 35840K, reserved 1081344K
  class space    used 4435K, capacity 4935K, committed 4992K, reserved 1048576K
}
Event: 2.660 GC heap after
{Heap after GC invocations=6 (full 0):
 garbage-first heap   total 262144K, used 16664K [0x0000000700c00000, 0x0000000800000000)
  region size 1024K, 9 young (9216K), 9 survivors (9216K)
 Metaspace       used 34529K, capacity 35745K, committed 35840K, reserved 1081344K
  class space    used 4435K, capacity 4935K, committed 4992K, reserved 1048576K
}
Event: 4.023 GC heap before
{Heap before GC invocations=7 (full 0):
 garbage-first heap   total 262144K, used 168216K [0x0000000700c00000, 0x0000000800000000)
  region size 1024K, 153 young (156672K), 9 survivors (9216K)
 Metaspace       used 50286K, capacity 51799K, committed 52096K, reserved 1093632K
  class space    used 6568K, capacity 7172K, committed 7296K, reserved 1048576K
}
Event: 4.032 GC heap after
{Heap after GC invocations=8 (full 0):
 garbage-first heap   total 262144K, used 22191K [0x0000000700c00000, 0x0000000800000000)
  region size 1024K, 15 young (15360K), 15 survivors (15360K)
 Metaspace       used 50286K, capacity 51799K, committed 52096K, reserved 1093632K
  class space    used 6568K, capacity 7172K, committed 7296K, reserved 1048576K
}
Event: 4.706 GC heap before
{Heap before GC invocations=8 (full 0):
 garbage-first heap   total 262144K, used 73391K [0x0000000700c00000, 0x0000000800000000)
  region size 1024K, 66 young (67584K), 15 survivors (15360K)
 Metaspace       used 58350K, capacity 60063K, committed 60160K, reserved 1101824K
  class space    used 7781K, capacity 8497K, committed 8576K, reserved 1048576K
}

Deoptimization events (0 events):
No events

Classes redefined (0 events):
No events

Internal exceptions (10 events):
Event: 4.492 Thread 0x0000022cfbf7c000 Exception <a 'java/lang/ClassNotFoundException'{0x000000070ef8b4a8}: org/springframework/beans/factory/config/PropertiesFactoryBeanCustomizer> (0x000000070ef8b4a8) thrown at [./open/src/hotspot/share/classfile/systemDictionary.cpp, line 228]
Event: 4.492 Thread 0x0000022cfbf7c000 Exception <a 'java/lang/ClassNotFoundException'{0x000000070efb0dd8}: org/springframework/beans/factory/FactoryBeanCustomizer> (0x000000070efb0dd8) thrown at [./open/src/hotspot/share/classfile/systemDictionary.cpp, line 228]
Event: 4.493 Thread 0x0000022cfbf7c000 Exception <a 'java/lang/ClassNotFoundException'{0x000000070efc6e58}: org/springframework/beans/factory/InitializingBeanCustomizer> (0x000000070efc6e58) thrown at [./open/src/hotspot/share/classfile/systemDictionary.cpp, line 228]
Event: 4.569 Thread 0x0000022ca3d57800 Exception <a 'java/lang/reflect/InvocationTargetException'{0x00000007109e60b0}> (0x00000007109e60b0) thrown at [./open/src/hotspot/share/runtime/reflection.cpp, line 1242]
Event: 4.604 Thread 0x0000022cfbf7c000 Exception <a 'java/lang/ClassNotFoundException'{0x000000070e5a8a48}: java/lang/ObjectCustomizer> (0x000000070e5a8a48) thrown at [./open/src/hotspot/share/classfile/systemDictionary.cpp, line 228]
Event: 4.604 Thread 0x0000022cfbf7c000 Exception <a 'java/lang/ClassNotFoundException'{0x000000070e5bef18}: com/km/vmcustomerordertraffic/model/CustomerInfoCustomizer> (0x000000070e5bef18) thrown at [./open/src/hotspot/share/classfile/systemDictionary.cpp, line 228]
Event: 4.624 Thread 0x0000022cfbf7c000 Exception <a 'java/lang/ClassNotFoundException'{0x000000070e3554f0}: java/lang/ObjectCustomizer> (0x000000070e3554f0) thrown at [./open/src/hotspot/share/classfile/systemDictionary.cpp, line 228]
Event: 4.625 Thread 0x0000022cfbf7c000 Exception <a 'java/lang/ClassNotFoundException'{0x000000070e36bfb0}: com/km/vmcustomerordertraffic/model/CustomerOrderCustomizer> (0x000000070e36bfb0) thrown at [./open/src/hotspot/share/classfile/systemDictionary.cpp, line 228]
Event: 4.647 Thread 0x0000022cfbf7c000 Exception <a 'java/lang/IncompatibleClassChangeError'{0x000000070e1746f0}: Found class java.lang.Object, but interface was expected> (0x000000070e1746f0) thrown at [./open/src/hotspot/share/interpreter/linkResolver.cpp, line 838]
Event: 4.700 Thread 0x0000022cfbf7c000 Exception <a 'java/lang/reflect/InvocationTargetException'{0x000000070d98f2b0}> (0x000000070d98f2b0) thrown at [./open/src/hotspot/share/runtime/reflection.cpp, line 1242]

Events (10 events):
Event: 4.702 loading class org/springframework/data/jpa/repository/query/JpaQueryMethod
Event: 4.702 loading class org/springframework/data/jpa/repository/query/JpaQueryMethod done
Event: 4.702 loading class org/springframework/data/repository/query/parser/PartTree
Event: 4.702 loading class org/springframework/data/repository/query/parser/PartTree done
Event: 4.703 loading class org/springframework/data/repository/query/parser/PartTree$Subject
Event: 4.703 loading class org/springframework/data/repository/query/parser/PartTree$Subject done
Event: 4.704 loading class org/springframework/data/repository/query/parser/PartTree$Predicate
Event: 4.704 loading class org/springframework/data/repository/query/parser/PartTree$Predicate done
Event: 4.704 loading class java/lang/Character$UnicodeBlock
Event: 4.706 Executing VM operation: CollectForMetadataAllocation


Dynamic libraries:
0x00007ff64ca80000 - 0x00007ff64ca8f000 	C:\Program Files\Java\jdk-11.0.8\bin\javaw.exe
0x00007ffc12c60000 - 0x00007ffc12e50000 	C:\Windows\SYSTEM32\ntdll.dll
0x00007ffc11a10000 - 0x00007ffc11ac2000 	C:\Windows\System32\KERNEL32.DLL
0x00007ffc0fe90000 - 0x00007ffc10132000 	C:\Windows\System32\KERNELBASE.dll
0x00007ffc10140000 - 0x00007ffc1023a000 	C:\Windows\System32\ucrtbase.dll
0x00007ffbfeec0000 - 0x00007ffbfeed5000 	C:\Program Files\Java\jdk-11.0.8\bin\VCRUNTIME140.dll
0x00007ffc0b230000 - 0x00007ffc0b248000 	C:\Program Files\Java\jdk-11.0.8\bin\jli.dll
0x00007ffc10eb0000 - 0x00007ffc10f53000 	C:\Windows\System32\ADVAPI32.dll
0x00007ffc12670000 - 0x00007ffc1270e000 	C:\Windows\System32\msvcrt.dll
0x00007ffc11b40000 - 0x00007ffc11bd7000 	C:\Windows\System32\sechost.dll
0x00007ffc11cd0000 - 0x00007ffc11df0000 	C:\Windows\System32\RPCRT4.dll
0x00007ffc12890000 - 0x00007ffc12a23000 	C:\Windows\System32\USER32.dll
0x00007ffc102c0000 - 0x00007ffc102e1000 	C:\Windows\System32\win32u.dll
0x00007ffbffa30000 - 0x00007ffbffcb5000 	C:\Windows\WinSxS\amd64_microsoft.windows.common-controls_6595b64144ccf1df_6.0.18362.30_none_a1435978519dce7f\COMCTL32.dll
0x00007ffc10e80000 - 0x00007ffc10ea6000 	C:\Windows\System32\GDI32.dll
0x00007ffc116d0000 - 0x00007ffc11a06000 	C:\Windows\System32\combase.dll
0x00007ffc0fc90000 - 0x00007ffc0fe24000 	C:\Windows\System32\gdi32full.dll
0x00007ffc0fbf0000 - 0x00007ffc0fc8e000 	C:\Windows\System32\msvcp_win.dll
0x00007ffc102f0000 - 0x00007ffc10371000 	C:\Windows\System32\bcryptPrimitives.dll
0x00007ffc09b90000 - 0x00007ffc09b9a000 	C:\Windows\SYSTEM32\VERSION.dll
0x00007ffc10f60000 - 0x00007ffc10f8e000 	C:\Windows\System32\IMM32.DLL
0x00007ffbeb9d0000 - 0x00007ffbeba6b000 	C:\Program Files\Java\jdk-11.0.8\bin\msvcp140.dll
0x00007ffb93c40000 - 0x00007ffb94726000 	C:\Program Files\Java\jdk-11.0.8\bin\server\jvm.dll
0x00007ffc11be0000 - 0x00007ffc11be8000 	C:\Windows\System32\PSAPI.DLL
0x00007ffc0d660000 - 0x00007ffc0d684000 	C:\Windows\SYSTEM32\WINMM.dll
0x00007ffbf4230000 - 0x00007ffbf4239000 	C:\Windows\SYSTEM32\WSOCK32.dll
0x00007ffc10e10000 - 0x00007ffc10e7f000 	C:\Windows\System32\WS2_32.dll
0x00007ffc0d630000 - 0x00007ffc0d65d000 	C:\Windows\SYSTEM32\winmmbase.dll
0x00007ffc10240000 - 0x00007ffc1028a000 	C:\Windows\System32\cfgmgr32.dll
0x00007ffc0fb40000 - 0x00007ffc0fb51000 	C:\Windows\System32\kernel.appcore.dll
0x00007ffc0c3e0000 - 0x00007ffc0c3f0000 	C:\Program Files\Java\jdk-11.0.8\bin\verify.dll
0x00007ffbf9e20000 - 0x00007ffbfa014000 	C:\Windows\SYSTEM32\DBGHELP.DLL
0x00007ffbf9290000 - 0x00007ffbf92ba000 	C:\Windows\SYSTEM32\dbgcore.DLL
0x00007ffbf22a0000 - 0x00007ffbf22c8000 	C:\Program Files\Java\jdk-11.0.8\bin\java.dll
0x00007ffbfec80000 - 0x00007ffbfec8a000 	C:\Program Files\Java\jdk-11.0.8\bin\jimage.dll
0x00007ffbfe3e0000 - 0x00007ffbfe3f6000 	C:\Program Files\Java\jdk-11.0.8\bin\zip.dll
0x00007ffc10ff0000 - 0x00007ffc116d0000 	C:\Windows\System32\SHELL32.dll
0x00007ffc12410000 - 0x00007ffc124b9000 	C:\Windows\System32\shcore.dll
0x00007ffc105a0000 - 0x00007ffc10d1b000 	C:\Windows\System32\windows.storage.dll
0x00007ffc0fb80000 - 0x00007ffc0fb9f000 	C:\Windows\System32\profapi.dll
0x00007ffc0fba0000 - 0x00007ffc0fbea000 	C:\Windows\System32\powrprof.dll
0x00007ffc0fb30000 - 0x00007ffc0fb40000 	C:\Windows\System32\UMPDC.dll
0x00007ffc10f90000 - 0x00007ffc10fe2000 	C:\Windows\System32\shlwapi.dll
0x00007ffc10430000 - 0x00007ffc10447000 	C:\Windows\System32\cryptsp.dll
0x00007ffbf21f0000 - 0x00007ffbf2209000 	C:\Program Files\Java\jdk-11.0.8\bin\net.dll
0x00007ffc0a5d0000 - 0x00007ffc0a6bf000 	C:\Windows\SYSTEM32\WINHTTP.dll
0x00007ffc0f350000 - 0x00007ffc0f3b7000 	C:\Windows\system32\mswsock.dll
0x00007ffbf21d0000 - 0x00007ffbf21e2000 	C:\Program Files\Java\jdk-11.0.8\bin\nio.dll
0x00007ffbec440000 - 0x00007ffbec449000 	C:\Program Files\Java\jdk-11.0.8\bin\management.dll
0x00007ffbec430000 - 0x00007ffbec43b000 	C:\Program Files\Java\jdk-11.0.8\bin\management_ext.dll
0x00007ffbf5c70000 - 0x00007ffbf5c86000 	C:\Windows\system32\napinsp.dll
0x00007ffbf5c50000 - 0x00007ffbf5c6a000 	C:\Windows\system32\pnrpnsp.dll
0x00007ffc0f100000 - 0x00007ffc0f1ca000 	C:\Windows\SYSTEM32\DNSAPI.dll
0x00007ffc10e00000 - 0x00007ffc10e08000 	C:\Windows\System32\NSI.dll
0x00007ffc0f060000 - 0x00007ffc0f09a000 	C:\Windows\SYSTEM32\IPHLPAPI.DLL
0x00007ffbf5c40000 - 0x00007ffbf5c4e000 	C:\Windows\System32\winrnr.dll
0x00007ffc0c380000 - 0x00007ffc0c39c000 	C:\Windows\system32\NLAapi.dll
0x00007ffbf5c20000 - 0x00007ffbf5c35000 	C:\Windows\system32\wshbth.dll
0x00007ffbfe6e0000 - 0x00007ffbfe6ea000 	C:\Windows\System32\rasadhlp.dll
0x00007ffbff010000 - 0x00007ffbff087000 	C:\Windows\System32\fwpuclnt.dll
0x00007ffc10290000 - 0x00007ffc102b6000 	C:\Windows\System32\bcrypt.dll
0x00007ffc0eec0000 - 0x00007ffc0eef3000 	C:\Windows\system32\rsaenh.dll
0x00007ffc0fa50000 - 0x00007ffc0fa75000 	C:\Windows\SYSTEM32\USERENV.dll
0x00007ffc0f4d0000 - 0x00007ffc0f4dc000 	C:\Windows\SYSTEM32\CRYPTBASE.dll
0x00007ffbfeb80000 - 0x00007ffbfeb96000 	C:\Windows\SYSTEM32\dhcpcsvc6.DLL
0x00007ffc01620000 - 0x00007ffc0163c000 	C:\Windows\SYSTEM32\dhcpcsvc.DLL

dbghelp: loaded successfully - version: 4.0.5 - missing functions: none
symbol engine: initialized successfully - sym options: 0x614 - pdb path: .;C:\Program Files\Java\jdk-11.0.8\bin;C:\Windows\SYSTEM32;C:\Windows\WinSxS\amd64_microsoft.windows.common-controls_6595b64144ccf1df_6.0.18362.30_none_a1435978519dce7f;C:\Program Files\Java\jdk-11.0.8\bin\server

VM Arguments:
jvm_args: -Dcom.sun.management.jmxremote -Dcom.sun.management.jmxremote.port=58636 -Dcom.sun.management.jmxremote.authenticate=false -Dcom.sun.management.jmxremote.ssl=false -Djava.rmi.server.hostname=localhost -Dspring.jmx.enabled=true -Dspring.application.admin.enabled=true -XX:TieredStopAtLevel=1 -Dspring.boot.project.name=vmcustomerordertraffic -Dfile.encoding=UTF-8 
java_command: com.km.vmcustomerordertraffic.VmCustomerOrderTrafficApplication
java_class_path (initial): C:\Users\Admin\Projects\SpringBootProjects\Eclipse\vmcustomerordertraffic\target\classes;C:\Users\Admin\.m2\repository\org\springframework\boot\spring-boot-starter-data-jpa\2.5.4\spring-boot-starter-data-jpa-2.5.4.jar;C:\Users\Admin\.m2\repository\org\springframework\boot\spring-boot-starter-aop\2.5.4\spring-boot-starter-aop-2.5.4.jar;C:\Users\Admin\.m2\repository\org\springframework\spring-aop\5.3.9\spring-aop-5.3.9.jar;C:\Users\Admin\.m2\repository\org\aspectj\aspectjweaver\1.9.7\aspectjweaver-1.9.7.jar;C:\Users\Admin\.m2\repository\org\springframework\boot\spring-boot-starter-jdbc\2.5.4\spring-boot-starter-jdbc-2.5.4.jar;C:\Users\Admin\.m2\repository\com\zaxxer\HikariCP\4.0.3\HikariCP-4.0.3.jar;C:\Users\Admin\.m2\repository\org\springframework\spring-jdbc\5.3.9\spring-jdbc-5.3.9.jar;C:\Users\Admin\.m2\repository\jakarta\transaction\jakarta.transaction-api\1.3.3\jakarta.transaction-api-1.3.3.jar;C:\Users\Admin\.m2\repository\jakarta\persistence\jakarta.persistence-api\2.2.3\jakarta.persistence-api-2.2.3.jar;C:\Users\Admin\.m2\repository\org\hibernate\hibernate-core\5.4.32.Final\hibernate-core-5.4.32.Final.jar;C:\Users\Admin\.m2\repository\org\jboss\logging\jboss-logging\3.4.2.Final\jboss-logging-3.4.2.Final.jar;C:\Users\Admin\.m2\repository\org\javassist\javassist\3.27.0-GA\javassist-3.27.0-GA.jar;C:\Users\Admin\.m2\repository\net\bytebuddy\byte-buddy\1.10.22\byte-buddy-1.10.22.jar;C:\Users\Admin\.m2\repository\antlr\antlr\2.7.7\antlr-2.7.7.jar;C:\Users\Admin\.m2\repository\org\jboss\jandex\2.2.3.Final\jandex-2.2.3.Final.jar;C:\Users\Admin\.m2\repository\org\dom4j\dom4j\2.1.3\dom4j-2.1.3.jar;C:\Users\Admin\.m2\repository\org\hibernate\common\hibernate-commons-annotations\5.1.2.Final\hibernate-commons-annotations-5.1.2.Final.jar;C:\Users\Admin\.m2\repository\org\glassfish\jaxb\jaxb-runtime\2.3.5\jaxb-runtime-2.3.5.jar;C:\Users\Admin\.m2\repository\org\glassfish\jaxb\txw2\2.3.5\txw2-2.3.5.jar;C:\Users\Admin\.m2\repository\com\sun\istack\
Launcher Type: SUN_STANDARD

[Global flags]
     intx CICompilerCount                          = 4                                         {product} {ergonomic}
     uint ConcGCThreads                            = 3                                         {product} {ergonomic}
     uint G1ConcRefinementThreads                  = 10                                        {product} {ergonomic}
   size_t G1HeapRegionSize                         = 1048576                                   {product} {ergonomic}
    uintx GCDrainStackTargetSize                   = 64                                        {product} {ergonomic}
   size_t InitialHeapSize                          = 268435456                                 {product} {ergonomic}
     bool ManagementServer                         = true                                      {product} {command line}
   size_t MarkStackSize                            = 4194304                                   {product} {ergonomic}
   size_t MaxHeapSize                              = 4282384384                                {product} {ergonomic}
   size_t MaxNewSize                               = 2569011200                                {product} {ergonomic}
   size_t MinHeapDeltaBytes                        = 1048576                                   {product} {ergonomic}
    uintx NonNMethodCodeHeapSize                   = 7549744                                {pd product} {ergonomic}
    uintx NonProfiledCodeHeapSize                  = 244108496                              {pd product} {ergonomic}
    uintx ProfiledCodeHeapSize                     = 0                                      {pd product} {ergonomic}
    uintx ReservedCodeCacheSize                    = 251658240                              {pd product} {ergonomic}
     bool SegmentedCodeCache                       = true                                      {product} {ergonomic}
     intx TieredStopAtLevel                        = 1                                         {product} {command line}
     bool UseCompressedClassPointers               = true                                 {lp64_product} {ergonomic}
     bool UseCompressedOops                        = true                                 {lp64_product} {ergonomic}
     bool UseG1GC                                  = true                                      {product} {ergonomic}
     bool UseLargePagesIndividualAllocation        = false                                  {pd product} {ergonomic}

Logging:
Log output configuration:
 #0: stdout all=warning uptime,level,tags
 #1: stderr all=off uptime,level,tags

Environment Variables:
JAVA_HOME=C:\Program Files\Java\jdk-11.0.8
PATH=C:\oraclexe\app\oracle\product\11.2.0\server\bin;C:\Program Files\Common Files\Oracle\Java\javapath;C:\Program Files (x86)\Common Files\Intel\Shared Libraries\redist\intel64\compiler;C:\Program Files (x86)\Common Files\Oracle\Java\javapath;C:\Windows\system32;C:\Windows;C:\Windows\System32\Wbem;C:\Windows\System32\WindowsPowerShell\v1.0\;C:\Windows\System32\OpenSSH\;C:\Program Files\NVIDIA Corporation\NVIDIA NvDLISR;C:\Program Files (x86)\NVIDIA Corporation\PhysX\Common;C:\Program Files\ant\apache-ant-1.9.14\bin;C:\Program Files\Git\cmd;C:\Program Files\dotnet\;C:\Program Files\PostgreSQL\10\bin\;C:\Users\Admin\AppData\Roaming\nvm;C:\Program Files\nodejs;C:\kube;C:\Program Files\Java\jdk-11.0.8\bin;;C:\Program Files\Docker\Docker\resources\bin;C:\ProgramData\DockerDesktop\version-bin;C:\Users\Admin\AppData\Local\Microsoft\WindowsApps;C:\Users\Admin\AppData\Roaming\npm;C:\Users\Admin\AppData\Local\Programs\Microsoft VS Code\bin;C:\Users\Admin\.dotnet\tools;C:\Users\Admin\AppData\Roaming\nvm;C:\Program Files\nodejs;C:\dev\apache-maven-3.8.1\bin;C:\kube;
USERNAME=Admin
OS=Windows_NT
PROCESSOR_IDENTIFIER=AMD64 Family 23 Model 8 Stepping 2, AuthenticAMD



---------------  S Y S T E M  ---------------

OS: Windows 10 , 64 bit Build 18362 (10.0.18362.1)
HyperV virtualization detected

CPU:total 12 (initial active 12) (12 cores per cpu, 2 threads per core) family 23 model 8 stepping 2, cmov, cx8, fxsr, mmx, sse, sse2, sse3, ssse3, sse4.1, sse4.2, popcnt, avx, avx2, aes, clmul, mmxext, 3dnowpref, lzcnt, sse4a, ht, tsc, tscinvbit, tscinv, bmi1, bmi2, adx, sha, fma

Memory: 4k page, system-wide physical 16333M (1249M free)
TotalPageFile size 65485M (AvailPageFile size 15M)
current process WorkingSet (physical memory assigned to process): 307M, peak: 307M
current process commit charge ("private bytes"): 432M, peak: 484M

vm_info: Java HotSpot(TM) 64-Bit Server VM (11.0.8+10-LTS) for windows-amd64 JRE (11.0.8+10-LTS), built on Jun 16 2020 05:53:08 by "mach5one" with unknown MS VC++:1916

END.
